<?xml version="1.0" encoding="utf-8"?><testsuites name="pytest tests"><testsuite name="pytest" errors="0" failures="0" skipped="0" tests="3" time="1.654" timestamp="2026-06-20T18:35:50.273924+00:00" hostname="agent-env-872abb23-ec65-4875-b059-916263b2f780"><testcase classname="backend.tests.test_cadastro_inscricao_flow" name="test_cadastro_creates_record_with_form_data" time="0.662" /><testcase classname="backend.tests.test_cadastro_inscricao_flow" name="test_inscricao_finalizada_creates_inscription" time="0.617" /><testcase classname="backend.tests.test_cadastro_inscricao_flow" name="test_inscricao_with_empty_email_does_not_wipe_cadastro_email" time="0.192" /></testsuite></testsuites>