<?xml version="1.0" encoding="utf-8"?><testsuites name="pytest tests"><testsuite name="pytest" errors="0" failures="0" skipped="0" tests="17" time="2.237" timestamp="2026-06-19T17:09:31.928426+00:00" hostname="agent-env-cdd391bf-eb05-4043-a871-673d8a144896"><testcase classname="backend.tests.test_donas_enare" name="test_public_html_pages_load[/home.html]" time="0.318" /><testcase classname="backend.tests.test_donas_enare" name="test_public_html_pages_load[/cronograma.html]" time="0.063" /><testcase classname="backend.tests.test_donas_enare" name="test_public_html_pages_load[/inscricao.html]" time="0.088" /><testcase classname="backend.tests.test_donas_enare" name="test_public_html_pages_load[/inscricoes.html]" time="0.053" /><testcase classname="backend.tests.test_donas_enare" name="test_home_contains_enare_2026" time="0.051" /><testcase classname="backend.tests.test_donas_enare" name="test_admin_login_invalid_credentials" time="0.268" /><testcase classname="backend.tests.test_donas_enare" name="test_admin_login_success" time="0.266" /><testcase classname="backend.tests.test_donas_enare" name="test_admin_me" time="0.133" /><testcase classname="backend.tests.test_donas_enare" name="test_admin_kpis_requires_auth" time="0.047" /><testcase classname="backend.tests.test_donas_enare" name="test_admin_kpis_ok" time="0.051" /><testcase classname="backend.tests.test_donas_enare" name="test_track_access_public" time="0.275" /><testcase classname="backend.tests.test_donas_enare" name="test_pix_config_public" time="0.049" /><testcase classname="backend.tests.test_donas_enare" name="test_pix_generate" time="0.079" /><testcase classname="backend.tests.test_donas_enare" name="test_admin_settings" time="0.043" /><testcase classname="backend.tests.test_donas_enare" name="test_admin_inscriptions_list" time="0.186" /><testcase classname="backend.tests.test_donas_enare" name="test_admin_cadastros_list" time="0.043" /><testcase classname="backend.tests.test_donas_enare" name="test_admin_panel_static_loads" time="0.045" /></testsuite></testsuites>